----------------------------------------------------------------
Tue Aug 08 12:03:37 CST 2023:
Booting Derby version The Apache Software Foundation - Apache Derby - 10.14.2.0 - (1828579): instance a816c00e-0189-d350-6751-0000057f2758 
on database directory memory:D:\KG-backend\8a4552dc-cd39-48c1-affe-665c35307891 with class loader jdk.internal.loader.ClassLoaders$AppClassLoader@63947c6b 
Loaded from file:/C:/Users/DELL/.m2/repository/org/apache/derby/derby/10.14.2.0/derby-10.14.2.0.jar
java.vendor=Oracle Corporation
java.runtime.version=17+35-2724
user.dir=D:\KG-backend
os.name=Windows 10
os.arch=amd64
os.version=10.0
derby.system.home=null
Database Class Loader started - derby.database.classpath=''
----------------------------------------------------------------
Tue Aug 08 12:03:37 CST 2023:
Shutting down instance a816c00e-0189-d350-6751-0000057f2758 on database directory memory:D:\KG-backend\8a4552dc-cd39-48c1-affe-665c35307891 with class loader jdk.internal.loader.ClassLoaders$AppClassLoader@63947c6b 
----------------------------------------------------------------
Tue Aug 08 12:03:37 CST 2023:
Booting Derby version The Apache Software Foundation - Apache Derby - 10.14.2.0 - (1828579): instance 0ddd00a9-0189-d350-6751-0000057f2758 
on database directory memory:D:\KG-backend\8a4552dc-cd39-48c1-affe-665c35307891 with class loader jdk.internal.loader.ClassLoaders$AppClassLoader@63947c6b 
Loaded from file:/C:/Users/DELL/.m2/repository/org/apache/derby/derby/10.14.2.0/derby-10.14.2.0.jar
java.vendor=Oracle Corporation
java.runtime.version=17+35-2724
user.dir=D:\KG-backend
os.name=Windows 10
os.arch=amd64
os.version=10.0
derby.system.home=null
Database Class Loader started - derby.database.classpath=''
